Start testing: Aug 10 17:49 Arabian Standard Time
----------------------------------------------------------
1/14 Testing: Black-Scholes prices (no dividends)
1/14 Test: Black-Scholes prices (no dividends)
Command: "C:/Users/achuv/UAE-option-prediction/build/bin/Debug/tests.exe" "Black-Scholes prices (no dividends)"
Directory: C:/Users/achuv/UAE-option-prediction/build
"Black-Scholes prices (no dividends)" start time: Aug 10 17:49 Arabian Standard Time
Output:
----------------------------------------------------------
Filters: "Black-Scholes prices (no dividends)"
Randomness seeded to: 2368039409
===============================================================================
All tests passed (3 assertions in 1 test case)

<end of output>
Test time =   0.02 sec
----------------------------------------------------------
Test Passed.
"Black-Scholes prices (no dividends)" end time: Aug 10 17:49 Arabian Standard Time
"Black-Scholes prices (no dividends)" time elapsed: 00:00:00
----------------------------------------------------------

2/14 Testing: OTM/ITM (no dividends)
2/14 Test: OTM/ITM (no dividends)
Command: "C:/Users/achuv/UAE-option-prediction/build/bin/Debug/tests.exe" "OTM/ITM (no dividends)"
Directory: C:/Users/achuv/UAE-option-prediction/build
"OTM/ITM (no dividends)" start time: Aug 10 17:49 Arabian Standard Time
Output:
----------------------------------------------------------
Filters: "OTM/ITM (no dividends)"
Randomness seeded to: 2107542074
===============================================================================
All tests passed (2 assertions in 1 test case)

<end of output>
Test time =   0.02 sec
----------------------------------------------------------
Test Passed.
"OTM/ITM (no dividends)" end time: Aug 10 17:49 Arabian Standard Time
"OTM/ITM (no dividends)" time elapsed: 00:00:00
----------------------------------------------------------

3/14 Testing: CSV loader reads two rows
3/14 Test: CSV loader reads two rows
Command: "C:/Users/achuv/UAE-option-prediction/build/bin/Debug/tests.exe" "CSV loader reads two rows"
Directory: C:/Users/achuv/UAE-option-prediction/build
"CSV loader reads two rows" start time: Aug 10 17:49 Arabian Standard Time
Output:
----------------------------------------------------------
Filters: "CSV loader reads two rows"
Randomness seeded to: 1694675466
===============================================================================
All tests passed (4 assertions in 1 test case)

<end of output>
Test time =   0.02 sec
----------------------------------------------------------
Test Passed.
"CSV loader reads two rows" end time: Aug 10 17:49 Arabian Standard Time
"CSV loader reads two rows" time elapsed: 00:00:00
----------------------------------------------------------

4/14 Testing: Delta (no dividends)
4/14 Test: Delta (no dividends)
Command: "C:/Users/achuv/UAE-option-prediction/build/bin/Debug/tests.exe" "Delta (no dividends)"
Directory: C:/Users/achuv/UAE-option-prediction/build
"Delta (no dividends)" start time: Aug 10 17:49 Arabian Standard Time
Output:
----------------------------------------------------------
Filters: "Delta (no dividends)"
Randomness seeded to: 759847027
===============================================================================
All tests passed (2 assertions in 1 test case)

<end of output>
Test time =   0.02 sec
----------------------------------------------------------
Test Passed.
"Delta (no dividends)" end time: Aug 10 17:49 Arabian Standard Time
"Delta (no dividends)" time elapsed: 00:00:00
----------------------------------------------------------

5/14 Testing: Delta OTM/ITM (no dividends)
5/14 Test: Delta OTM/ITM (no dividends)
Command: "C:/Users/achuv/UAE-option-prediction/build/bin/Debug/tests.exe" "Delta OTM/ITM (no dividends)"
Directory: C:/Users/achuv/UAE-option-prediction/build
"Delta OTM/ITM (no dividends)" start time: Aug 10 17:49 Arabian Standard Time
Output:
----------------------------------------------------------
Filters: "Delta OTM/ITM (no dividends)"
Randomness seeded to: 35430345
===============================================================================
All tests passed (2 assertions in 1 test case)

<end of output>
Test time =   0.02 sec
----------------------------------------------------------
Test Passed.
"Delta OTM/ITM (no dividends)" end time: Aug 10 17:49 Arabian Standard Time
"Delta OTM/ITM (no dividends)" time elapsed: 00:00:00
----------------------------------------------------------

6/14 Testing: Vega no-dividends
6/14 Test: Vega no-dividends
Command: "C:/Users/achuv/UAE-option-prediction/build/bin/Debug/tests.exe" "Vega no-dividends"
Directory: C:/Users/achuv/UAE-option-prediction/build
"Vega no-dividends" start time: Aug 10 17:49 Arabian Standard Time
Output:
----------------------------------------------------------
Filters: "Vega no-dividends"
Randomness seeded to: 505625959
===============================================================================
All tests passed (2 assertions in 1 test case)

<end of output>
Test time =   0.02 sec
----------------------------------------------------------
Test Passed.
"Vega no-dividends" end time: Aug 10 17:49 Arabian Standard Time
"Vega no-dividends" time elapsed: 00:00:00
----------------------------------------------------------

7/14 Testing: IV (call) Newton+bisection recovers sigma across moneyness
7/14 Test: IV (call) Newton+bisection recovers sigma across moneyness
Command: "C:/Users/achuv/UAE-option-prediction/build/bin/Debug/tests.exe" "IV (call) Newton+bisection recovers sigma across moneyness"
Directory: C:/Users/achuv/UAE-option-prediction/build
"IV (call) Newton+bisection recovers sigma across moneyness" start time: Aug 10 17:49 Arabian Standard Time
Output:
----------------------------------------------------------
Filters: "IV (call) Newton+bisection recovers sigma across moneyness"
Randomness seeded to: 1042197258
===============================================================================
All tests passed (3 assertions in 1 test case)

<end of output>
Test time =   0.02 sec
----------------------------------------------------------
Test Passed.
"IV (call) Newton+bisection recovers sigma across moneyness" end time: Aug 10 17:49 Arabian Standard Time
"IV (call) Newton+bisection recovers sigma across moneyness" time elapsed: 00:00:00
----------------------------------------------------------

8/14 Testing: Implied vol (put) recovers true sigma
8/14 Test: Implied vol (put) recovers true sigma
Command: "C:/Users/achuv/UAE-option-prediction/build/bin/Debug/tests.exe" "Implied vol (put) recovers true sigma"
Directory: C:/Users/achuv/UAE-option-prediction/build
"Implied vol (put) recovers true sigma" start time: Aug 10 17:49 Arabian Standard Time
Output:
----------------------------------------------------------
Filters: "Implied vol (put) recovers true sigma"
Randomness seeded to: 2907131820
===============================================================================
All tests passed (1 assertion in 1 test case)

<end of output>
Test time =   0.02 sec
----------------------------------------------------------
Test Passed.
"Implied vol (put) recovers true sigma" end time: Aug 10 17:49 Arabian Standard Time
"Implied vol (put) recovers true sigma" time elapsed: 00:00:00
----------------------------------------------------------

9/14 Testing: Binomial converges to Black-Scholes (euro call, q=0)
9/14 Test: Binomial converges to Black-Scholes (euro call, q=0)
Command: "C:/Users/achuv/UAE-option-prediction/build/bin/Debug/tests.exe" "Binomial converges to Black-Scholes (euro call\, q=0)"
Directory: C:/Users/achuv/UAE-option-prediction/build
"Binomial converges to Black-Scholes (euro call, q=0)" start time: Aug 10 17:49 Arabian Standard Time
Output:
----------------------------------------------------------
Filters: "Binomial converges to Black-Scholes (euro call\, q=0)"
Randomness seeded to: 1921448943
===============================================================================
All tests passed (4 assertions in 1 test case)

<end of output>
Test time =   0.02 sec
----------------------------------------------------------
Test Passed.
"Binomial converges to Black-Scholes (euro call, q=0)" end time: Aug 10 17:49 Arabian Standard Time
"Binomial converges to Black-Scholes (euro call, q=0)" time elapsed: 00:00:00
----------------------------------------------------------

10/14 Testing: American call with q=0 equals European
10/14 Test: American call with q=0 equals European
Command: "C:/Users/achuv/UAE-option-prediction/build/bin/Debug/tests.exe" "American call with q=0 equals European"
Directory: C:/Users/achuv/UAE-option-prediction/build
"American call with q=0 equals European" start time: Aug 10 17:49 Arabian Standard Time
Output:
----------------------------------------------------------
Filters: "American call with q=0 equals European"
Randomness seeded to: 1184613211
===============================================================================
All tests passed (3 assertions in 1 test case)

<end of output>
Test time =   0.02 sec
----------------------------------------------------------
Test Passed.
"American call with q=0 equals European" end time: Aug 10 17:49 Arabian Standard Time
"American call with q=0 equals European" time elapsed: 00:00:00
----------------------------------------------------------

11/14 Testing: American call with dividends >= European
11/14 Test: American call with dividends >= European
Command: "C:/Users/achuv/UAE-option-prediction/build/bin/Debug/tests.exe" "American call with dividends >= European"
Directory: C:/Users/achuv/UAE-option-prediction/build
"American call with dividends >= European" start time: Aug 10 17:49 Arabian Standard Time
Output:
----------------------------------------------------------
Filters: "American call with dividends >= European"
Randomness seeded to: 1497209781
===============================================================================
All tests passed (2 assertions in 1 test case)

<end of output>
Test time =   0.02 sec
----------------------------------------------------------
Test Passed.
"American call with dividends >= European" end time: Aug 10 17:49 Arabian Standard Time
"American call with dividends >= European" time elapsed: 00:00:00
----------------------------------------------------------

12/14 Testing: MC converges to Black - Scholes (euro call, q=0)
12/14 Test: MC converges to Black - Scholes (euro call, q=0)
Command: "C:/Users/achuv/UAE-option-prediction/build/bin/Debug/tests.exe" "MC converges to Black - Scholes (euro call\, q=0)"
Directory: C:/Users/achuv/UAE-option-prediction/build
"MC converges to Black - Scholes (euro call, q=0)" start time: Aug 10 17:49 Arabian Standard Time
Output:
----------------------------------------------------------
Filters: "MC converges to Black - Scholes (euro call\, q=0)"
Randomness seeded to: 3768701260
===============================================================================
All tests passed (2 assertions in 1 test case)

<end of output>
Test time =   0.03 sec
----------------------------------------------------------
Test Passed.
"MC converges to Black - Scholes (euro call, q=0)" end time: Aug 10 17:49 Arabian Standard Time
"MC converges to Black - Scholes (euro call, q=0)" time elapsed: 00:00:00
----------------------------------------------------------

13/14 Testing: MC put vs BS (q=0)
13/14 Test: MC put vs BS (q=0)
Command: "C:/Users/achuv/UAE-option-prediction/build/bin/Debug/tests.exe" "MC put vs BS (q=0)"
Directory: C:/Users/achuv/UAE-option-prediction/build
"MC put vs BS (q=0)" start time: Aug 10 17:49 Arabian Standard Time
Output:
----------------------------------------------------------
Filters: "MC put vs BS (q=0)"
Randomness seeded to: 2773264695
===============================================================================
All tests passed (1 assertion in 1 test case)

<end of output>
Test time =   0.02 sec
----------------------------------------------------------
Test Passed.
"MC put vs BS (q=0)" end time: Aug 10 17:49 Arabian Standard Time
"MC put vs BS (q=0)" time elapsed: 00:00:00
----------------------------------------------------------

14/14 Testing: MC handles edge cases T=0 and sigma=0
14/14 Test: MC handles edge cases T=0 and sigma=0
Command: "C:/Users/achuv/UAE-option-prediction/build/bin/Debug/tests.exe" "MC handles edge cases T=0 and sigma=0"
Directory: C:/Users/achuv/UAE-option-prediction/build
"MC handles edge cases T=0 and sigma=0" start time: Aug 10 17:49 Arabian Standard Time
Output:
----------------------------------------------------------
Filters: "MC handles edge cases T=0 and sigma=0"
Randomness seeded to: 3804902420
===============================================================================
All tests passed (4 assertions in 1 test case)

<end of output>
Test time =   0.02 sec
----------------------------------------------------------
Test Passed.
"MC handles edge cases T=0 and sigma=0" end time: Aug 10 17:49 Arabian Standard Time
"MC handles edge cases T=0 and sigma=0" time elapsed: 00:00:00
----------------------------------------------------------

End testing: Aug 10 17:49 Arabian Standard Time
